<?xml version="1.0" encoding="UTF-8"?>
<!-- Generated by org.testng.reporters.JUnitReportReporter -->
<testsuite hostname="DESKTOP-A2L3B6F" failures="0" tests="1" name="tests.DropDownTests" time="6.483" errors="0" timestamp="2023-07-30T23:14:56 BDT" skipped="0">
  <testcase classname="tests.DropDownTests" name="testSelectOption" time="6.483"/>
  <system-out/>
</testsuite> <!-- tests.DropDownTests -->
